{"timestamp":"2025-08-30T15:59:41.266Z","event":"SYSTEM_SHUTDOWN","details":{"signal":"SIGINT","timestamp":1756569581266},"clientIP":"unknown","sessionId":"e2d51d6e9997d017"}
{"timestamp":"2025-08-30T16:03:29.939Z","event":"SYSTEM_SHUTDOWN","details":{"signal":"SIGINT","timestamp":1756569809939},"clientIP":"unknown","sessionId":"af5107cbf253cb35"}
{"timestamp":"2025-08-30T16:03:30.104Z","event":"BLOCK_MINED","details":{"blockHash":"003f57952f952e82a03a71cdbafca755dda3bf7d63b18044924d2d612e2d58e0","transactions":2,"timestamp":1756569810102},"clientIP":"::1","sessionId":"b3d659e8df4ec6b6"}
{"timestamp":"2025-08-30T16:05:36.168Z","event":"KEY_GENERATION","details":{"publicKey":"0495c20604f0f8cfa3daadbfd524fbb88958bb0c5325c65df2b92af7dd3af4fa381752e4beaaff8cfc5acc510df2104a713992f8fdfa77b689c19f9f8b4caccc56","timestamp":1756569936168,"userAgent":"curl/8.11.0"},"clientIP":"::1","sessionId":"0737968f740e2492"}
{"timestamp":"2025-08-30T16:05:47.859Z","event":"TRANSACTION_CREATED","details":{"from":"04e2345433a9fed1c644c0099f9cc03ee6ad438e847251fda6c8e236e3c49f577d1697baa40e4f3473c9da8e359a95ef0ba98848028558caf558a4d3ba8a16d3a8","to":"0495c20604f0f8cfa3daadbfd524fbb88958bb0c5325c65df2b92af7dd3af4fa381752e4beaaff8cfc5acc510df2104a713992f8fdfa77b689c19f9f8b4caccc56","amount":10,"hash":"3608ddf775a918dd0d88ce3d2241abc0def17e0d043b4f7f8be38c49e96d2cbc"},"clientIP":"::1","sessionId":"d85aa0ec161b913a"}
{"timestamp":"2025-08-30T16:05:59.502Z","event":"BLOCK_MINED","details":{"blockHash":"00ba376ad82685e7b8fbd8f0440a4fc79410ab1c7d16beae1edc7bf06ba8533d","transactions":2,"timestamp":1756569959501},"clientIP":"::1","sessionId":"ad8ef4a6b8668be8"}
{"timestamp":"2025-08-30T16:09:27.481Z","event":"SYSTEM_SHUTDOWN","details":{"signal":"SIGINT","timestamp":1756570167481},"clientIP":"unknown","sessionId":"32b6ab43452e98df"}
{"timestamp":"2025-08-30T16:23:08.152Z","event":"TRANSACTION_CREATED","details":{"from":"04e2345433a9fed1c644c0099f9cc03ee6ad438e847251fda6c8e236e3c49f577d1697baa40e4f3473c9da8e359a95ef0ba98848028558caf558a4d3ba8a16d3a8","to":"04fd90f7fe7425f10d4d1ae13c543c3a7fa86678cab738a8c80b35786d23e2f255eece1010d45e660a1438e1a648752b541f4d0e78398f97cc732922f1fd41b6ba","amount":25,"hash":"fdaf9fb7467b4aa2f93c3b04479736effb2989ee45f35ffdc69501a9953aebd3"},"clientIP":"::1","sessionId":"97bee0063432f392"}
{"timestamp":"2025-08-30T16:23:20.519Z","event":"BLOCK_MINED","details":{"blockHash":"006fa0b3b3d9275433efa1aa14581154dd05f5de41a2860450f467c046e2ecb9","transactions":2,"timestamp":1756571000517},"clientIP":"::1","sessionId":"eb03b4538b73de24"}
{"timestamp":"2025-08-30T16:28:53.791Z","event":"SYSTEM_SHUTDOWN","details":{"signal":"SIGINT","timestamp":1756571333791},"clientIP":"unknown","sessionId":"7ccacee9e96985ce"}
{"timestamp":"2025-08-30T16:33:42.812Z","event":"TRANSACTION_CREATED","details":{"from":"04e2345433a9fed1c644c0099f9cc03ee6ad438e847251fda6c8e236e3c49f577d1697baa40e4f3473c9da8e359a95ef0ba98848028558caf558a4d3ba8a16d3a8","to":"04ed4b34773fa38a9e11dee1decee637e8fb6dab1696fcbe13b585c34c915f4efd2c02a3feefe3556dea8a694a5a6298498fd8549e2eb700862574474d0673b15e","amount":50,"hash":"7c93c2c2621dc31be9ba8450fca3951f184d8c8ce303e4b2f7336e169b04ec40"},"clientIP":"::1","sessionId":"089694dce89c2ded"}
{"timestamp":"2025-08-30T16:33:42.859Z","event":"BLOCK_MINED","details":{"blockHash":"002d99bb928227568a88ae20876978f1655081a3a83a44b850b39ac128b2b2c7","transactions":2,"timestamp":1756571622856},"clientIP":"::1","sessionId":"2308be3e77a2a3ba"}
{"timestamp":"2025-09-06T06:32:55.110Z","event":"SYSTEM_SHUTDOWN","details":{"signal":"SIGINT","timestamp":1757140375110},"clientIP":"unknown","sessionId":"7bb8d55dd8387b67"}
{"timestamp":"2025-09-06T06:34:08.157Z","event":"SYSTEM_SHUTDOWN","details":{"signal":"SIGINT","timestamp":1757140448157},"clientIP":"unknown","sessionId":"aa5a2219dbb2c8bb"}
{"timestamp":"2025-09-06T06:35:36.897Z","event":"SYSTEM_SHUTDOWN","details":{"signal":"SIGINT","timestamp":1757140536897},"clientIP":"unknown","sessionId":"b457215bf6cb306a"}
{"timestamp":"2025-09-06T06:42:13.264Z","event":"SYSTEM_SHUTDOWN","details":{"signal":"SIGINT","timestamp":1757140933264},"clientIP":"unknown","sessionId":"d497762c141e81b2"}
{"timestamp":"2025-09-06T08:39:41.878Z","event":"SYSTEM_SHUTDOWN","details":{"signal":"SIGINT","timestamp":1757147981878},"clientIP":"unknown","sessionId":"eb6c712cfb8ac991"}
{"timestamp":"2025-09-06T08:45:13.395Z","event":"SYSTEM_SHUTDOWN","details":{"signal":"SIGINT","timestamp":1757148313395},"clientIP":"unknown","sessionId":"892325d794f35318"}
{"timestamp":"2025-09-06T09:19:04.320Z","event":"SYSTEM_SHUTDOWN","details":{"signal":"SIGINT","timestamp":1757150344320},"clientIP":"unknown","sessionId":"122aaa8e93e91c99"}
{"timestamp":"2025-09-06T09:21:22.135Z","event":"SYSTEM_SHUTDOWN","details":{"signal":"SIGINT","timestamp":1757150482135},"clientIP":"unknown","sessionId":"a696387049340a65"}
{"timestamp":"2025-09-06T09:23:02.328Z","event":"SYSTEM_SHUTDOWN","details":{"signal":"SIGINT","timestamp":1757150582328},"clientIP":"unknown","sessionId":"4e69e45578db9a70"}
{"timestamp":"2025-09-06T09:24:48.707Z","event":"KEY_GENERATION","details":{"publicKey":"04b93de2016a0ff07525e6d5c83d71407e894d6bea6747cb1a42112102c67fd3","curve":"ed25519","timestamp":1757150688707,"userAgent":"curl/8.11.0"},"clientIP":"::1","sessionId":"c0525dd874992204"}
